# basic includes file lists
%include .///omdv_core.lst
%include .///omdv_iso.lst
%include .///omdv_control.lst
%include .///omdv_drivers.lst
%include .///omdv_ppp.lst

# more includes lists for common sets that are not task/meta pkgs
%include .///omdv_firefox.lst
%include .///omdv_fonts.lst
%include .///omdv_gstreamer.lst
%include .///omdv_libreoffice.lst
%include .///omdv_locales.lst
%include .///omdv_man-pages.lst
%include .///omdv_pulseaudio.lst
%include .///omdv_vlc.lst

# Desktop Specifics
task-kde4
%include .///omdv-kde4_apps.lst

# Needed Task/Meta Packages
task-pulseaudio
task-printing
task-printing-scanning
x11-font-cyrillic
# keep to check
x11-server-xorg
x11-tools
x11-docs
x11-font-type1
x11-font-misc
x11-data-cursor-themes

# MD this entire list should be shuffled or justified to be needed for the full ISO
aoss
atk1.0-common
avahi
cagibi
canberra-gtk
cdialog
cdrkit
cdrkit-genisoimage
davfs2
drakguard
dump
dvb-apps
dvbsnoop
dvbtune
dvd+rw-tools
enchant
ffmpeg
firewall-applet
freerdp
gamin
GConf2
gnupg
gtk2-modules
gtk-engines2
gtk-qt-engine
gvfs-archive
gvfs-fuse
gvfs-gphoto2
gvfs-smb
hcl
hplip-gui
html2text
htop
ia_ora-gnome
jackit
jasper
kcmsystemd
kio-mtp
krb5-workstation
lftp
lvm2
microcode
mdkonline
networkmanager-openvpn
networkmanager-vpnc
networkmanager-pptp
typelib(NetworkManager)
net_monitor
nfs-utils
nfs-utils-clients
notification-daemon
nss
nss_ldap
nss_mdns
nss_tcb
nss_wins
nut-server
obex-data-server
open
openldap-clients
opensc
openssh-server
openssl
pam_ldap
pcsc-lite
pango
poppler-data
pptp-linux
python-ldap
python-notify
python-OpenSSL
python-pycrypto
python-sip
python-twisted-core
python-twisted-web
python-zope-interface
pyxdg
rsnapshot
rsync
samba-client
samba-common
samba-server
samba-winbind
sane-backends-iscan
sash
sasl-plug-gssapi
sscape_ctl
system-config-printer-gui
taglib-extras
uClibc
vnstat
vpnpptp-allde
xev
xl2tpd
zcip

