aica-firmware
asihpi-firmware
as10k1
#atmel-firmware
awesfx
bluez-firmware
bcm43xx-fwcutter
#b43-firmware-install
b43-fwcutter
comgt
#dahdi-firmware
#emagic-firmware
emu1010-firmware
ipw2100-firmware
ipw2200-firmware
#ipw3945d
#ipw3945-ucode
iwlwifi-agn-ucode
#iwlwifi-1000-ucode
#iwlwifi-100-ucode
iwlwifi-3945-ucode
iwlwifi-4965-ucode
#iwlwifi-5000-ucode
#iwlwifi-5150-ucode
#iwlwifi-6000-ucode
#iwlwifi-6005-ucode
#iwlwifi-6050-ucode
#iwlwifi-6030-ucode
kernel-firmware
kernel-firmware-extra
ld10k1
madwimax
pcmcia-cis-firmware
prism54-firmware
prism2-utils
radeontool
#radeon-firmware
#ralink-firmware
#rtlwifi-firmware
#rt2860-firmware
#rt2870-firmware
#rt3090-firmware
#rt61-firmware
#rt73-firmware
sb16_csp
speedtouch-firmware
speedtouch-firmware-extractor
turtlebeach-firmware
ueagle-firmware
us428control
zd1201-firmware
zd1211-firmware
dri-drivers
